[10:37:33.094] [INFO] Storybook upgrade - v10.3.1
[10:37:33.097] [INFO] detect-projects-spinner-start: Detecting projects...
[10:37:33.099] [DEBUG] Finding Storybook projects...
[10:37:33.145] [DEBUG] Found 1 Storybook projects
[10:37:33.147] [INFO] detect-projects-spinner: Detecting projects: 1 projects
[10:37:33.147] [DEBUG] Getting Storybook data...
[10:37:33.147] [DEBUG] Getting Storybook info...
[10:37:33.620] [DEBUG] Loading main config...
[10:37:33.620] [DEBUG] Getting stories paths...
[10:37:33.637] [DEBUG] Getting package manager...
[10:37:33.769] [DEBUG] Getting package.json info for /home/quan/projects/FlowLedger/frontend/common-ui/package.json...
[10:37:33.769] [DEBUG] Getting Storybook version...
[10:37:33.769] [DEBUG] Detecting CSF factory usage...
[10:37:33.782] [DEBUG] /frontend/common-ui/.storybook - Validating before version... 10.2.19
[10:37:33.782] [DEBUG] /frontend/common-ui/.storybook - Validating upgrade compatibility...
[10:37:33.782] [DEBUG] /frontend/common-ui/.storybook - Fetching NPM version information...
[10:37:33.783] [DEBUG] Getting CLI versions from NPM for storybook...
[10:37:33.783] [DEBUG] Executing command: npm info storybook version
[10:37:33.789] [DEBUG] Getting CLI versions from NPM for storybook@next...
[10:37:33.789] [DEBUG] Executing command: npm info storybook@next version
[10:37:34.446] [DEBUG] /frontend/common-ui/.storybook - Evaluating blockers...
[10:37:34.453] [DEBUG] Getting installed version for @storybook/experimental-addon-test...
[10:37:34.454] [DEBUG] Executing command: npm ls --json --depth=99 2>/dev/null
[10:37:35.803] [DEBUG] Executing command: npm ls --json --depth=0 2>/dev/null
[10:37:36.614] [DEBUG] Error finding installations for @storybook/experimental-addon-test: ExecaError: Command failed with exit code 1: npm ls --json '--depth=0' '2>/dev/null'

npm warn config ignoring workspace config at /home/quan/projects/FlowLedger/frontend/common-ui/.npmrc

{
  "name": "flowledger-frontend"
}
[10:37:36.615] [DEBUG] No installations found for @storybook/experimental-addon-test
[10:37:36.615] [INFO] detect-projects-spinner-stop: 1 project detected
[10:37:36.615] [DEBUG] Found 1 valid projects and 0 error projects
[10:37:36.615] [INFO] Upgrading from [1m10.2.19[22m to [1m10.3.1[22m
[10:37:36.616] [INFO] upgrade-dependencies-task-start: Fetching versions to update package.json files..
[10:37:36.616] [DEBUG] Updating dependencies in /frontend/common-ui/.storybook...
[10:37:36.616] [INFO] upgrade-dependencies-task: /frontend/common-ui/package.json
/frontend/package.json
[10:37:36.617] [DEBUG] Using cached package.json for /home/quan/projects/FlowLedger/frontend/common-ui/package.json...
[10:37:36.617] [DEBUG] {
  "upgradedDependencies": []
}
[10:37:36.617] [DEBUG] {
  "upgradedDevDependencies": [
    "@storybook/addon-docs@^10.3.1",
    "@storybook/svelte-vite@^10.3.1",
    "storybook@^10.3.1"
  ]
}
[10:37:36.617] [DEBUG] {
  "upgradedPeerDependencies": []
}
[10:37:36.617] [DEBUG] Getting package.json info for /home/quan/projects/FlowLedger/frontend/common-ui/package.json...
[10:37:36.617] [DEBUG] Using cached package.json for /home/quan/projects/FlowLedger/frontend/common-ui/package.json...
[10:37:36.617] [DEBUG] Using cached package.json for /home/quan/projects/FlowLedger/frontend/common-ui/package.json...
[10:37:36.617] [DEBUG] Getting package.json info for /home/quan/projects/FlowLedger/frontend/common-ui/package.json...
[10:37:36.617] [DEBUG] Using cached package.json for /home/quan/projects/FlowLedger/frontend/common-ui/package.json...
[10:37:36.617] [DEBUG] Getting CLI versions from NPM for @storybook/addon-docs...
[10:37:36.617] [DEBUG] Executing command: npm info @storybook/addon-docs version
[10:37:37.469] [DEBUG] Getting CLI versions from NPM for @storybook/svelte-vite...
[10:37:37.469] [DEBUG] Executing command: npm info @storybook/svelte-vite version
[10:37:39.233] [DEBUG] Using cached version for storybook...
[10:37:39.233] [DEBUG] Using cached package.json for /home/quan/projects/FlowLedger/frontend/common-ui/package.json...
[10:37:39.233] [DEBUG] Getting package.json info for /home/quan/projects/FlowLedger/frontend/common-ui/package.json...
[10:37:39.233] [DEBUG] Using cached package.json for /home/quan/projects/FlowLedger/frontend/common-ui/package.json...
[10:37:39.233] [DEBUG] Using cached package.json for /home/quan/projects/FlowLedger/frontend/common-ui/package.json...
[10:37:39.236] [DEBUG] Using cached package.json for /home/quan/projects/FlowLedger/frontend/package.json...
[10:37:39.236] [DEBUG] {
  "upgradedDependencies": []
}
[10:37:39.236] [DEBUG] {
  "upgradedDevDependencies": []
}
[10:37:39.236] [DEBUG] {
  "upgradedPeerDependencies": []
}
[10:37:39.236] [DEBUG] Getting package.json info for /home/quan/projects/FlowLedger/frontend/package.json...
[10:37:39.236] [DEBUG] Using cached package.json for /home/quan/projects/FlowLedger/frontend/package.json...
[10:37:39.236] [DEBUG] Using cached package.json for /home/quan/projects/FlowLedger/frontend/package.json...
[10:37:39.236] [DEBUG] Getting package.json info for /home/quan/projects/FlowLedger/frontend/package.json...
[10:37:39.236] [DEBUG] Using cached package.json for /home/quan/projects/FlowLedger/frontend/package.json...
[10:37:39.236] [DEBUG] Using cached package.json for /home/quan/projects/FlowLedger/frontend/package.json...
[10:37:39.236] [DEBUG] Getting package.json info for /home/quan/projects/FlowLedger/frontend/package.json...
[10:37:39.236] [DEBUG] Using cached package.json for /home/quan/projects/FlowLedger/frontend/package.json...
[10:37:39.236] [DEBUG] Using cached package.json for /home/quan/projects/FlowLedger/frontend/package.json...
[10:37:39.236] [INFO] upgrade-dependencies-task-success: Updated package versions in package.json files
[10:37:39.237] [INFO] detect-automigrations-task-start: Detecting automigrations...
[10:37:39.237] [DEBUG] Starting automigration collection across 1 projects and 19 fixes...
[10:37:39.237] [INFO] detect-automigrations-task: Checking automigrations for /frontend/common-ui/.storybook...
[10:37:39.237] [DEBUG] Processing project: /frontend/common-ui/.storybook
[10:37:39.237] [DEBUG] Checking fix eslintPlugin for project /frontend/common-ui/.storybook...
[10:37:39.238] [DEBUG] Using cached package.json for /home/quan/projects/FlowLedger/frontend/common-ui/package.json...
[10:37:39.238] [DEBUG] Using cached package.json for /home/quan/projects/FlowLedger/frontend/package.json...
[10:37:39.238] [DEBUG] Using cached package.json for /home/quan/projects/FlowLedger/frontend/common-ui/package.json...
[10:37:39.238] [DEBUG] Checking fix addon-mdx-gfm-remove for project /frontend/common-ui/.storybook...
[10:37:39.238] [DEBUG] Using cached package.json for /home/quan/projects/FlowLedger/frontend/common-ui/package.json...
[10:37:39.238] [DEBUG] Using cached package.json for /home/quan/projects/FlowLedger/frontend/package.json...
[10:37:39.238] [DEBUG] Checking fix addon-storysource-code-panel for project /frontend/common-ui/.storybook...
[10:37:39.238] [DEBUG] Checking fix upgrade-storybook-related-dependencies for project /frontend/common-ui/.storybook...
[10:37:39.238] [DEBUG] Checking for incompatible storybook packages...
[10:37:39.238] [DEBUG] Using cached package.json for /home/quan/projects/FlowLedger/frontend/common-ui/package.json...
[10:37:39.238] [DEBUG] Using cached package.json for /home/quan/projects/FlowLedger/frontend/package.json...
[10:37:39.239] [DEBUG] Using cached package.json for /home/quan/projects/FlowLedger/frontend/common-ui/package.json...
[10:37:39.239] [DEBUG] Using cached package.json for /home/quan/projects/FlowLedger/frontend/package.json...
[10:37:39.239] [DEBUG] Checking fix initial-globals for project /frontend/common-ui/.storybook...
[10:37:39.241] [DEBUG] Checking fix addon-globals-api for project /frontend/common-ui/.storybook...
[10:37:39.242] [DEBUG] Checking fix addon-a11y-addon-test for project /frontend/common-ui/.storybook...
[10:37:39.242] [DEBUG] Checking fix consolidated-imports for project /frontend/common-ui/.storybook...
[10:37:39.243] [DEBUG] Checking fix addon-experimental-test for project /frontend/common-ui/.storybook...
[10:37:39.243] [DEBUG] Using cached installed version for @storybook/experimental-addon-test...
[10:37:39.243] [DEBUG] Checking fix rnstorybook-config for project /frontend/common-ui/.storybook...
[10:37:39.243] [DEBUG] Using cached package.json for /home/quan/projects/FlowLedger/frontend/common-ui/package.json...
[10:37:39.243] [DEBUG] Using cached package.json for /home/quan/projects/FlowLedger/frontend/package.json...
[10:37:39.243] [DEBUG] Checking fix migrate-addon-console for project /frontend/common-ui/.storybook...
[10:37:39.243] [DEBUG] Using cached package.json for /home/quan/projects/FlowLedger/frontend/common-ui/package.json...
[10:37:39.243] [DEBUG] Using cached package.json for /home/quan/projects/FlowLedger/frontend/package.json...
[10:37:39.243] [DEBUG] Checking fix nextjs-to-nextjs-vite for project /frontend/common-ui/.storybook...
[10:37:39.243] [DEBUG] Using cached package.json for /home/quan/projects/FlowLedger/frontend/common-ui/package.json...
[10:37:39.243] [DEBUG] Using cached package.json for /home/quan/projects/FlowLedger/frontend/package.json...
[10:37:39.243] [DEBUG] Checking fix remove-addon-interactions for project /frontend/common-ui/.storybook...
[10:37:39.243] [DEBUG] Using cached package.json for /home/quan/projects/FlowLedger/frontend/common-ui/package.json...
[10:37:39.243] [DEBUG] Using cached package.json for /home/quan/projects/FlowLedger/frontend/package.json...
[10:37:39.243] [DEBUG] Checking fix renderer-to-framework for project /frontend/common-ui/.storybook...
[10:37:39.244] [DEBUG] Checking fix remove-essential-addons for project /frontend/common-ui/.storybook...
[10:37:39.244] [DEBUG] Using cached package.json for /home/quan/projects/FlowLedger/frontend/common-ui/package.json...
[10:37:39.244] [DEBUG] Using cached package.json for /home/quan/projects/FlowLedger/frontend/package.json...
[10:37:39.244] [DEBUG] Checking fix addon-a11y-parameters for project /frontend/common-ui/.storybook...
[10:37:39.244] [DEBUG] Checking fix remove-docs-autodocs for project /frontend/common-ui/.storybook...
[10:37:39.248] [DEBUG] Checking fix wrap-getAbsolutePath for project /frontend/common-ui/.storybook...
[10:37:39.252] [DEBUG] Checking fix fix-faux-esm-require for project /frontend/common-ui/.storybook...
[10:37:39.253] [INFO] detect-automigrations-task: 
Automigrations detected:
[10:37:39.254] [INFO] detect-automigrations-task: [32m[32m✔[32m wrap-getAbsolutePath[39m
[10:37:39.254] [INFO] detect-automigrations-task-success: 1 automigration(s) detected
[10:37:57.512] [PROMPT] Select automigrations to run {"choice":["wrap-getAbsolutePath"]}
[10:37:57.512] [INFO] automigrate-/frontend/common-ui/.storybook-task-start: Running automigrations for /frontend/common-ui/.storybook
[10:37:57.525] [INFO] automigrate-/frontend/common-ui/.storybook-task: [32m[32m✔[32m wrap-getAbsolutePath[39m
[10:37:57.525] [INFO] automigrate-/frontend/common-ui/.storybook-task-success: Completed automigrations for /frontend/common-ui/.storybook
[10:37:57.526] [INFO] Installing dependencies...
[10:37:57.526] [INFO] install-dependencies-spinner-start: Installing dependencies...
[10:37:57.526] [DEBUG] Executing command: npm install --force
[10:37:58.704] [ERROR] Installation of dependencies failed! {"error":"ExecaError: Command failed with exit code 1: npm install --force\n\nnpm warn config ignoring workspace config at /home/quan/projects/FlowLedger/frontend/common-ui/.npmrc\nnpm warn using --force Recommended protections disabled.\nnpm error code EUNSUPPORTEDPROTOCOL\nnpm error Unsupported URL Type \"workspace:\": workspace:*\nnpm error A complete log of this run can be found in: /home/quan/.npm/_logs/2026-03-21T03_37_57_573Z-debug-0.log\n    at getFinalError (file:///home/quan/.npm/_npx/b24e58115fc5e719/node_modules/storybook/dist/_node-chunks/chunk-X6B7XGEZ.js:13109:10)\n    at makeError (file:///home/quan/.npm/_npx/b24e58115fc5e719/node_modules/storybook/dist/_node-chunks/chunk-X6B7XGEZ.js:14645:15)\n    at getAsyncResult (file:///home/quan/.npm/_npx/b24e58115fc5e719/node_modules/storybook/dist/_node-chunks/chunk-X6B7XGEZ.js:17291:158)\n    at handlePromise (file:///home/quan/.npm/_npx/b24e58115fc5e719/node_modules/storybook/dist/_node-chunks/chunk-X6B7XGEZ.js:17277:162)\n    at async Object.executeTaskWithSpinner (file:///home/quan/.npm/_npx/b24e58115fc5e719/node_modules/storybook/dist/_node-chunks/chunk-CHR7DWLX.js:3683:11)\n    at async NPMProxy.installDependencies (file:///home/quan/.npm/_npx/b24e58115fc5e719/node_modules/storybook/dist/_node-chunks/chunk-X6B7XGEZ.js:11258:5)\n    at async upgrade (file:///home/quan/.npm/_npx/b24e58115fc5e719/node_modules/@storybook/cli/dist/_node-chunks/run-CB6VWOP5.js:9531:41)\n    at async file:///home/quan/.npm/_npx/b24e58115fc5e719/node_modules/@storybook/cli/dist/_node-chunks/run-CB6VWOP5.js:9666:70\n    at async withTelemetry (file:///home/quan/.npm/_npx/b24e58115fc5e719/node_modules/storybook/dist/_node-chunks/chunk-CRA4LABS.js:218:12)\n    at async Command.<anonymous> (file:///home/quan/.npm/_npx/b24e58115fc5e719/node_modules/@storybook/cli/dist/_node-chunks/run-CB6VWOP5.js:9662:3)"}
[10:37:58.704] [ERROR] install-dependencies-spinner-error: [31mInstallation of dependencies failed![39m
[10:37:58.705] [ERROR] [38;2;241;97;97mExecaError: Command failed with exit code 1: npm install --force

npm warn config ignoring workspace config at ./.npmrc
npm warn using --force Recommended protections disabled.
npm error code EUNSUPPORTEDPROTOCOL
npm error Unsupported URL Type "workspace:": workspace:*
npm error A complete log of this run can be found in: /home/quan/.npm/_logs/2026-03-21T03_37_57_573Z-debug-0.log[39m
    at getFinalError (file:///home/quan/.npm/_npx/b24e58115fc5e719/node_modules/storybook/dist/_node-chunks/chunk-X6B7XGEZ.js:13109:10)
    at makeError (file:///home/quan/.npm/_npx/b24e58115fc5e719/node_modules/storybook/dist/_node-chunks/chunk-X6B7XGEZ.js:14645:15)
    at getAsyncResult (file:///home/quan/.npm/_npx/b24e58115fc5e719/node_modules/storybook/dist/_node-chunks/chunk-X6B7XGEZ.js:17291:158)
    at handlePromise (file:///home/quan/.npm/_npx/b24e58115fc5e719/node_modules/storybook/dist/_node-chunks/chunk-X6B7XGEZ.js:17277:162)
    at async Object.executeTaskWithSpinner (file:///home/quan/.npm/_npx/b24e58115fc5e719/node_modules/storybook/dist/_node-chunks/chunk-CHR7DWLX.js:3683:11)
    at async NPMProxy.installDependencies (file:///home/quan/.npm/_npx/b24e58115fc5e719/node_modules/storybook/dist/_node-chunks/chunk-X6B7XGEZ.js:11258:5)
    at async upgrade (file:///home/quan/.npm/_npx/b24e58115fc5e719/node_modules/@storybook/cli/dist/_node-chunks/run-CB6VWOP5.js:9531:41)
    at async file:///home/quan/.npm/_npx/b24e58115fc5e719/node_modules/@storybook/cli/dist/_node-chunks/run-CB6VWOP5.js:9666:70
    at async withTelemetry (file:///home/quan/.npm/_npx/b24e58115fc5e719/node_modules/storybook/dist/_node-chunks/chunk-CRA4LABS.js:218:12)
    at async Command.<anonymous> (file:///home/quan/.npm/_npx/b24e58115fc5e719/node_modules/@storybook/cli/dist/_node-chunks/run-CB6VWOP5.js:9662:3)
[10:37:58.709] [INFO] Storybook collects completely anonymous usage telemetry. We use it to shape Storybook's roadmap and prioritize features. You can learn more, including how to opt out, at https://storybook.js.org/telemetry
[10:37:59.628] [ERROR] ExecaError: Command failed with exit code 1: npm install --force

npm warn config ignoring workspace config at ./.npmrc
npm warn using --force Recommended protections disabled.
npm error code EUNSUPPORTEDPROTOCOL
npm error Unsupported URL Type "workspace:": workspace:*
npm error A complete log of this run can be found in: /home/quan/.npm/_logs/2026-03-21T03_37_57_573Z-debug-0.log